pdt: ----------------------------------
pdt: Thu Jun 13 09:22:17 CEST 2013
pdt: ----------------------------------
pdt: set debug output to LOGFILE
pdt: ----------------------------------
pdt: Thu Jun 13 09:22:17 CEST 2013
pdt: ----------------------------------
pdt: set debug output to LOGFILE
pdt: WARNING - 13/06 09:22:45 - PIF Default Process Work: pdt: The following Exception was caught:
org.cs3.prolog.pif.PrologInterfaceException: java.lang.RuntimeException: Timeout exceeded while waiting for peer to come up.
	at org.cs3.prolog.internal.lifecycle.InitState$1.run(InitState.java:40)
	at org.cs3.prolog.internal.lifecycle.LifeCycle$DispatcherThread.run(LifeCycle.java:58)
Caused by: java.lang.RuntimeException: Timeout exceeded while waiting for peer to come up.
	at org.cs3.prolog.internal.pif.socket.SocketServerStartAndStopStrategy.waitForProcessToGetRunning(SocketServerStartAndStopStrategy.java:174)
	at org.cs3.prolog.internal.pif.socket.SocketServerStartAndStopStrategy.startSocketServer(SocketServerStartAndStopStrategy.java:103)
	at org.cs3.prolog.internal.pif.socket.SocketServerStartAndStopStrategy.startServer(SocketServerStartAndStopStrategy.java:89)
	at org.cs3.prolog.internal.pif.AbstractPrologInterface$MyLifeCycle.startServer(AbstractPrologInterface.java:255)
	at org.cs3.prolog.internal.lifecycle.InitState$1.run(InitState.java:38)
	... 1 more
pdt: WARNING - 13/06 09:22:45 - PIF Default Process Work: clearing queue
pdt: WARNING - 13/06 09:22:45 - Worker-10: pdt: The following Exception was caught:
org.cs3.prolog.pif.PrologInterfaceException: org.cs3.prolog.pif.PrologInterfaceException: java.lang.RuntimeException: Timeout exceeded while waiting for peer to come up.
	at org.cs3.prolog.internal.lifecycle.LifeCycle.waitUntilUp(LifeCycle.java:130)
	at org.cs3.prolog.internal.pif.AbstractPrologInterface.start(AbstractPrologInterface.java:520)
	at org.cs3.prolog.internal.pif.socket.SocketPrologInterface.start(SocketPrologInterface.java:291)
	at org.cs3.prolog.internal.pif.AbstractPrologInterface.getSession(AbstractPrologInterface.java:398)
	at org.cs3.prolog.internal.pif.socket.SocketPrologInterface.queryAll(SocketPrologInterface.java:394)
	at org.cs3.pdt.navigator.internal.decorators.PDTConsultDecoratorContributor.fillSetsIfNeeded(PDTConsultDecoratorContributor.java:171)
	at org.cs3.pdt.navigator.internal.decorators.PDTConsultDecoratorContributor.isContainingFolder(PDTConsultDecoratorContributor.java:158)
	at org.cs3.pdt.navigator.internal.decorators.PDTConsultDecoratorContributor.decorate(PDTConsultDecoratorContributor.java:102)
	at org.eclipse.ui.internal.decorators.LightweightDecoratorDefinition.decorate(LightweightDecoratorDefinition.java:263)
	at org.eclipse.ui.internal.decorators.LightweightDecoratorManager$LightweightRunnable.run(LightweightDecoratorManager.java:81)
	at org.eclipse.core.runtime.SafeRunner.run(SafeRunner.java:42)
	at org.eclipse.ui.internal.decorators.LightweightDecoratorManager.decorate(LightweightDecoratorManager.java:365)
	at org.eclipse.ui.internal.decorators.LightweightDecoratorManager.getDecorations(LightweightDecoratorManager.java:347)
	at org.eclipse.ui.internal.decorators.DecorationScheduler$1.ensureResultCached(DecorationScheduler.java:371)
	at org.eclipse.ui.internal.decorators.DecorationScheduler$1.run(DecorationScheduler.java:331)
	at org.eclipse.core.internal.jobs.Worker.run(Worker.java:54)
Caused by: org.cs3.prolog.pif.PrologInterfaceException: java.lang.RuntimeException: Timeout exceeded while waiting for peer to come up.
	at org.cs3.prolog.internal.lifecycle.InitState$1.run(InitState.java:40)
	at org.cs3.prolog.internal.lifecycle.LifeCycle$DispatcherThread.run(LifeCycle.java:58)
Caused by: java.lang.RuntimeException: Timeout exceeded while waiting for peer to come up.
	at org.cs3.prolog.internal.pif.socket.SocketServerStartAndStopStrategy.waitForProcessToGetRunning(SocketServerStartAndStopStrategy.java:174)
	at org.cs3.prolog.internal.pif.socket.SocketServerStartAndStopStrategy.startSocketServer(SocketServerStartAndStopStrategy.java:103)
	at org.cs3.prolog.internal.pif.socket.SocketServerStartAndStopStrategy.startServer(SocketServerStartAndStopStrategy.java:89)
	at org.cs3.prolog.internal.pif.AbstractPrologInterface$MyLifeCycle.startServer(AbstractPrologInterface.java:255)
	at org.cs3.prolog.internal.lifecycle.InitState$1.run(InitState.java:38)
	... 1 more
